{"name": "test_login_to_account", "status": "failed", "statusDetails": {"message": "AssertionError: FAILURE: check  == ОШИБКА: введено неверное имя пользователя или пароль. Забыли пароль?\ntest_my_account_page.py:85 in test_login_to_account() -> check.equal(page.msg_error.get_text(),'ОШИБКА: введено неверное имя пользователя или пароль. Забыли пароль?')\n\n------------------------------------------------------------\nFailed Checks: 1\n------------------------------------------------------------\nweb_browser = <selenium.webdriver.chrome.webdriver.WebDriver (session=\"3960183f6afd10815502aaeee4d45523\")>\n\n    @allure.story('Тест для проверки страницы \"Мой аккаунт\"')\n    @allure.feature('Тест для проверки работоспособности формы входа в аккаунт')\n    def test_login_to_account(web_browser):\n        \"\"\"Этот тест проверяет возможность зайти в существуюющий аккаунт\"\"\"\n    \n        page = MyAccountPage(web_browser)\n    \n        login = 'ms.borozna@gmail.com'\n        password = ['qa1023&qa1023', '55555555555']\n    \n        with allure.step('Проверка на отображение'):\n            check.is_true(page.inp_username.is_visible())\n            check.is_true(page.inp_password.is_visible())\n            check.is_true(page.btn_come_in.is_visible())\n            check.is_true(page.btn_replace_me.is_visible())\n    \n        with allure.step('Проверка на кликабельность'):\n            check.is_true(page.btn_come_in.is_clickable())\n            check.is_true(page.btn_replace_me.is_clickable())\n    \n        with allure.step('Проверка входа с неверным паролем'):\n            page.inp_username.send_keys(login)\n            page.inp_password.send_keys(password[1])\n            page.btn_eye.click()\n            page.btn_come_in.click()\n            check.equal(page.msg_error.get_text(),'ОШИБКА: введено неверное имя пользователя или пароль. Забыли пароль?')\n    \n        with allure.step('Проверка входа с верным паролем'):\n>           page.inp_username.send_keys(login)\n\ntests\\test_my_account_page.py:88: \n_ _ _ _ _ _ _ _ _ _ _ _ _ _ _ _ _ _ _ _ _ _ _ _ _ _ _ _ _ _ _ _ _ _ _ _ _ _ _ _\n\nself = <page.elements.WebElement object at 0x0000021FBA9C8BE0>\nkeys = 'ms.borozna@gmail.com', wait = 2\n\n    def send_keys(self, keys, wait=2):\n        \"\"\" Send keys to the element. \"\"\"\n    \n        keys = keys.replace('\\n', '\\ue007')\n    \n        element = self.find()\n    \n        if element:\n            element.click()\n            element.clear()\n            element.send_keys(keys)\n            time.sleep(wait)\n        else:\n            msg = 'Element with locator {0} not found'\n>           raise AttributeError(msg.format(self._locator))\nE           AttributeError: Element with locator ('xpath', '//*[@name=\"username\"]') not found\n\npage\\elements.py:124: AttributeError", "trace": "FAILURE: check  == ОШИБКА: введено неверное имя пользователя или пароль. Забыли пароль?\ntest_my_account_page.py:85 in test_login_to_account() -> check.equal(page.msg_error.get_text(),'ОШИБКА: введено неверное имя пользователя или пароль. Забыли пароль?')\n\n------------------------------------------------------------\nFailed Checks: 1\n------------------------------------------------------------\nweb_browser = <selenium.webdriver.chrome.webdriver.WebDriver (session=\"3960183f6afd10815502aaeee4d45523\")>\n\n    @allure.story('Тест для проверки страницы \"Мой аккаунт\"')\n    @allure.feature('Тест для проверки работоспособности формы входа в аккаунт')\n    def test_login_to_account(web_browser):\n        \"\"\"Этот тест проверяет возможность зайти в существуюющий аккаунт\"\"\"\n    \n        page = MyAccountPage(web_browser)\n    \n        login = 'ms.borozna@gmail.com'\n        password = ['qa1023&qa1023', '55555555555']\n    \n        with allure.step('Проверка на отображение'):\n            check.is_true(page.inp_username.is_visible())\n            check.is_true(page.inp_password.is_visible())\n            check.is_true(page.btn_come_in.is_visible())\n            check.is_true(page.btn_replace_me.is_visible())\n    \n        with allure.step('Проверка на кликабельность'):\n            check.is_true(page.btn_come_in.is_clickable())\n            check.is_true(page.btn_replace_me.is_clickable())\n    \n        with allure.step('Проверка входа с неверным паролем'):\n            page.inp_username.send_keys(login)\n            page.inp_password.send_keys(password[1])\n            page.btn_eye.click()\n            page.btn_come_in.click()\n            check.equal(page.msg_error.get_text(),'ОШИБКА: введено неверное имя пользователя или пароль. Забыли пароль?')\n    \n        with allure.step('Проверка входа с верным паролем'):\n>           page.inp_username.send_keys(login)\n\ntests\\test_my_account_page.py:88: \n_ _ _ _ _ _ _ _ _ _ _ _ _ _ _ _ _ _ _ _ _ _ _ _ _ _ _ _ _ _ _ _ _ _ _ _ _ _ _ _\n\nself = <page.elements.WebElement object at 0x0000021FBA9C8BE0>\nkeys = 'ms.borozna@gmail.com', wait = 2\n\n    def send_keys(self, keys, wait=2):\n        \"\"\" Send keys to the element. \"\"\"\n    \n        keys = keys.replace('\\n', '\\ue007')\n    \n        element = self.find()\n    \n        if element:\n            element.click()\n            element.clear()\n            element.send_keys(keys)\n            time.sleep(wait)\n        else:\n            msg = 'Element with locator {0} not found'\n>           raise AttributeError(msg.format(self._locator))\nE           AttributeError: Element with locator ('xpath', '//*[@name=\"username\"]') not found\n\npage\\elements.py:124: AttributeError"}, "description": "Этот тест проверяет возможность зайти в существуюющий аккаунт", "steps": [{"name": "Проверка на отображение", "status": "passed", "start": 1719341645622, "stop": 1719341645671}, {"name": "Проверка на кликабельность", "status": "passed", "start": 1719341645671, "stop": 1719341645719}, {"name": "Проверка входа с неверным паролем", "status": "passed", "start": 1719341645719, "stop": 1719341664047}, {"name": "Проверка входа с верным паролем", "status": "broken", "statusDetails": {"message": "AttributeError: Element with locator ('xpath', '//*[@name=\"username\"]') not found\n", "trace": "  File \"C:\\Users\\Svetlana\\PycharmProjects\\Portfolio_S_Borozna\\tests\\test_my_account_page.py\", line 88, in test_login_to_account\n    page.inp_username.send_keys(login)\n  File \"C:\\Users\\Svetlana\\PycharmProjects\\Portfolio_S_Borozna\\page\\elements.py\", line 124, in send_keys\n    raise AttributeError(msg.format(self._locator))\n"}, "start": 1719341664047, "stop": 1719341674332}], "attachments": [{"name": "stdout", "source": "9772cbc8-1b32-47c1-bbac-e58ae39567aa-attachment.txt", "type": "text/plain"}], "start": 1719341623697, "stop": 1719341674332, "uuid": "54227403-5877-42ba-9c2a-97bfac96d734", "historyId": "1ebb491dc12d14cd67e021cc4c088724", "testCaseId": "a2f9f0ff6c8705fb713b6d0248c459d3", "fullName": "Этот тест проверяет возможность зайти в существуюющий аккаунт#Этот тест проверяет возможность зайти в существуюющий аккаунт", "labels": [{"name": "feature", "value": "Тест для проверки работоспособности формы входа в аккаунт"}, {"name": "story", "value": "Тест для проверки страницы \"Мой аккаунт\""}, {"name": "suite", "value": "Этот тест проверяет возможность зайти в существуюющий аккаунт"}, {"name": "host", "value": "DESKTOP-N1HF4R3"}, {"name": "thread", "value": "20472-MainThread"}, {"name": "framework", "value": "pytest"}, {"name": "language", "value": "cpython3"}, {"name": "package", "value": "Этот тест проверяет возможность зайти в существуюющий аккаунт"}]}